<?xml version="1.0" encoding="UTF-8"?>
<!-- Generated by org.testng.reporters.JUnitReportReporter -->
<testsuite skipped="0" hostname="afd6ec589843" name="com.searchmodule.tests.SearchTest" tests="4" failures="0" timestamp="2022-10-11T03:11:14 GMT" time="73.361" errors="0">
  <testcase name="SearchTest" time="13.974" classname="com.searchmodule.tests.SearchTest"/>
  <system-out/>
  <testcase name="SearchTest" time="36.282" classname="com.searchmodule.tests.SearchTest"/>
  <system-out/>
  <testcase name="SearchTest" time="16.344" classname="com.searchmodule.tests.SearchTest"/>
  <system-out/>
  <testcase name="SearchTest" time="6.761" classname="com.searchmodule.tests.SearchTest"/>
  <system-out/>
</testsuite> <!-- com.searchmodule.tests.SearchTest -->
