<?xml version="1.0" encoding="UTF-8"?>
<!-- Generated by org.testng.reporters.JUnitReportReporter -->
<testsuite skipped="0" hostname="3266f07f76f5" name="com.newtours.tests.BookFlightTest" tests="20" failures="0" timestamp="2022-10-11T03:10:50 GMT" time="98.248" errors="0">
  <testcase name="flightConfirmationPageTest" time="1.208" classname="com.newtours.tests.BookFlightTest"/>
  <system-out/>
  <testcase name="registrationPageTest" time="9.098" classname="com.newtours.tests.BookFlightTest"/>
  <system-out/>
  <testcase name="flightDetailsPageTest" time="8.504" classname="com.newtours.tests.BookFlightTest"/>
  <system-out/>
  <testcase name="findFlightsPageTest" time="1.146" classname="com.newtours.tests.BookFlightTest"/>
  <system-out/>
  <testcase name="registrationPageTest" time="17.281" classname="com.newtours.tests.BookFlightTest"/>
  <system-out/>
  <testcase name="registrationPageTest" time="33.965" classname="com.newtours.tests.BookFlightTest"/>
  <system-out/>
  <testcase name="flightDetailsPageTest" time="1.886" classname="com.newtours.tests.BookFlightTest"/>
  <system-out/>
  <testcase name="findFlightsPageTest" time="1.275" classname="com.newtours.tests.BookFlightTest"/>
  <system-out/>
  <testcase name="registrationConfirmationPageTest" time="0.889" classname="com.newtours.tests.BookFlightTest"/>
  <system-out/>
  <testcase name="flightConfirmationPageTest" time="1.650" classname="com.newtours.tests.BookFlightTest"/>
  <system-out/>
  <testcase name="flightConfirmationPageTest" time="1.298" classname="com.newtours.tests.BookFlightTest"/>
  <system-out/>
  <testcase name="registrationConfirmationPageTest" time="1.249" classname="com.newtours.tests.BookFlightTest"/>
  <system-out/>
  <testcase name="findFlightsPageTest" time="1.136" classname="com.newtours.tests.BookFlightTest"/>
  <system-out/>
  <testcase name="registrationPageTest" time="7.920" classname="com.newtours.tests.BookFlightTest"/>
  <system-out/>
  <testcase name="registrationConfirmationPageTest" time="0.965" classname="com.newtours.tests.BookFlightTest"/>
  <system-out/>
  <testcase name="flightDetailsPageTest" time="1.850" classname="com.newtours.tests.BookFlightTest"/>
  <system-out/>
  <testcase name="findFlightsPageTest" time="2.203" classname="com.newtours.tests.BookFlightTest"/>
  <system-out/>
  <testcase name="flightDetailsPageTest" time="2.124" classname="com.newtours.tests.BookFlightTest"/>
  <system-out/>
  <testcase name="registrationConfirmationPageTest" time="1.292" classname="com.newtours.tests.BookFlightTest"/>
  <system-out/>
  <testcase name="flightConfirmationPageTest" time="1.309" classname="com.newtours.tests.BookFlightTest"/>
  <system-out/>
</testsuite> <!-- com.newtours.tests.BookFlightTest -->
